TN:
SF:/home/aksha/Unit_Testing_Example/fifo.c
FN:23,init_fifo
FNDA:13,init_fifo
FN:36,add_node
FNDA:24,add_node
FN:54,del_node
FNDA:15,del_node
FN:74,check_if_full
FNDA:23,check_if_full
FN:91,check_if_empty
FNDA:36,check_if_empty
DA:23,13
DA:24,13
DA:25,13
DA:26,12
DA:27,12
DA:28,12
DA:29,12
DA:30,12
DA:31,12
DA:33,13
DA:36,24
DA:37,24
DA:38,1
DA:39,23
DA:40,1
DA:42,22
DA:43,6
DA:45,16
DA:46,2
DA:48,14
DA:50,22
DA:51,22
DA:54,15
DA:55,15
DA:56,1
DA:57,14
DA:58,2
DA:60,12
DA:61,12
DA:62,12
DA:64,12
DA:65,2
DA:66,10
DA:67,1
DA:69,9
DA:71,12
DA:74,23
DA:75,23
DA:76,0
DA:78,23
DA:79,23
DA:81,23
DA:82,0
DA:83,23
DA:84,0
DA:85,23
DA:86,1
DA:88,22
DA:91,36
DA:92,36
DA:93,8
DA:95,28
end_of_record
TN:
SF:/home/aksha/Unit_Testing_Example/test.c
FN:7,main
FNDA:1,main
DA:7,1
DA:8,1
DA:9,1
DA:10,1
DA:11,1
DA:12,1
end_of_record
TN:
SF:/home/aksha/Unit_Testing_Example/test_add_node.c
FN:8,test_for_addNode_with_Fifo_pointer_setToNULL
FNDA:1,test_for_addNode_with_Fifo_pointer_setToNULL
FN:12,test_for_addNode_should_fail_for_Fullfifo
FNDA:1,test_for_addNode_should_fail_for_Fullfifo
FN:18,test_for_addNode_should_add_Values_as_Passed
FNDA:1,test_for_addNode_should_add_Values_as_Passed
FN:26,test_addNode_for_rollOver_of_rear
FNDA:1,test_addNode_for_rollOver_of_rear
FN:49,tests_for_addNode
FNDA:1,tests_for_addNode
DA:8,1
DA:9,1
DA:10,1
DA:12,1
DA:13,1
DA:14,1
DA:15,1
DA:16,1
DA:18,1
DA:19,1
DA:20,1
DA:21,1
DA:22,1
DA:23,1
DA:24,1
DA:26,1
DA:27,1
DA:28,1
DA:29,1
DA:30,1
DA:33,6
DA:34,5
DA:38,1
DA:41,1
DA:42,1
DA:43,1
DA:44,1
DA:45,1
DA:46,1
DA:49,1
DA:50,1
DA:51,1
DA:52,1
DA:53,1
DA:54,1
end_of_record
TN:
SF:/home/aksha/Unit_Testing_Example/test_del_node.c
FN:8,test_for_delNode_with_Fifo_pointer_setToNULL
FNDA:1,test_for_delNode_with_Fifo_pointer_setToNULL
FN:12,test_for_delNode_should_fail_for_emptyfifo
FNDA:1,test_for_delNode_should_fail_for_emptyfifo
FN:17,test_for_delNode_should_del_Values_with_FirstInFirstOut
FNDA:1,test_for_delNode_should_del_Values_with_FirstInFirstOut
FN:49,test_delNode_when_only_one_element_left
FNDA:1,test_delNode_when_only_one_element_left
FN:72,test_delNode_for_rollOver_of_front
FNDA:1,test_delNode_for_rollOver_of_front
FN:108,tests_for_delNode
FNDA:1,tests_for_delNode
DA:8,1
DA:9,1
DA:10,1
DA:12,1
DA:13,1
DA:14,1
DA:15,1
DA:17,1
DA:18,1
DA:19,1
DA:20,1
DA:21,1
DA:23,1
DA:26,6
DA:27,5
DA:31,6
DA:32,5
DA:33,5
DA:36,5
DA:39,5
DA:42,5
DA:46,1
DA:47,1
DA:49,1
DA:51,1
DA:52,1
DA:53,1
DA:55,1
DA:58,1
DA:61,1
DA:64,1
DA:65,1
DA:68,1
DA:69,1
DA:70,1
DA:72,1
DA:73,1
DA:74,1
DA:75,1
DA:76,1
DA:79,1
DA:82,5
DA:83,4
DA:84,4
DA:85,4
DA:86,4
DA:87,4
DA:93,1
DA:94,1
DA:97,1
DA:99,1
DA:100,1
DA:103,1
DA:104,1
DA:105,1
DA:108,1
DA:109,1
DA:110,1
DA:111,1
DA:112,1
DA:113,1
DA:114,1
end_of_record
TN:
SF:/home/aksha/Unit_Testing_Example/test_init_fifo.c
FN:10,test_if_initSuccess_when_numOfElements_setToValidValue
FNDA:1,test_if_initSuccess_when_numOfElements_setToValidValue
FN:15,test_if_initFails_when_numOfElements_setTo0
FNDA:1,test_if_initFails_when_numOfElements_setTo0
FN:19,test_init_of_front_and_rear_when_fifo_is_empty
FNDA:1,test_init_of_front_and_rear_when_fifo_is_empty
FN:25,test_initFifo_for_number_of_elements
FNDA:1,test_initFifo_for_number_of_elements
FN:30,test_initFifo_values_for_arrayElements_set_to_zero
FNDA:1,test_initFifo_values_for_arrayElements_set_to_zero
FN:42,tests_for_initFifo
FNDA:1,tests_for_initFifo
DA:10,1
DA:11,1
DA:12,1
DA:13,1
DA:15,1
DA:16,1
DA:17,1
DA:19,1
DA:20,1
DA:21,1
DA:22,1
DA:23,1
DA:25,1
DA:26,1
DA:27,1
DA:28,1
DA:30,1
DA:31,1
DA:32,1
DA:35,1
DA:38,6
DA:39,5
DA:40,1
DA:42,1
DA:43,1
DA:44,1
DA:45,1
DA:46,1
DA:47,1
DA:48,1
end_of_record
TN:
SF:/home/aksha/Unit_Testing_Example/unity.c
FN:71,UnityPrint
FNDA:47,UnityPrint
FN:108,UnityPrintNumberByStyle
FNDA:0,UnityPrintNumberByStyle
FN:126,UnityPrintNumber
FNDA:17,UnityPrintNumber
FN:159,UnityPrintNumberUnsigned
FNDA:0,UnityPrintNumberUnsigned
FN:184,UnityPrintNumberHex
FNDA:0,UnityPrintNumberHex
FN:206,UnityPrintMask
FNDA:0,UnityPrintMask
FN:244,UnityPrintFail
FNDA:0,UnityPrintFail
FN:249,UnityPrintOk
FNDA:1,UnityPrintOk
FN:255,UnityTestResultsBegin
FNDA:14,UnityTestResultsBegin
FN:267,UnityTestResultsFailBegin
FNDA:0,UnityTestResultsFailBegin
FN:274,UnityConcludeTest
FNDA:14,UnityConcludeTest
FN:295,UnityAddMsgIfSpecified
FNDA:0,UnityAddMsgIfSpecified
FN:305,UnityPrintExpectedAndActualStrings
FNDA:0,UnityPrintExpectedAndActualStrings
FN:335,UnityCheckArraysForNull
FNDA:0,UnityCheckArraysForNull
FN:367,UnityAssertBits
FNDA:0,UnityAssertBits
FN:388,UnityAssertEqualNumber
FNDA:70,UnityAssertEqualNumber
FN:409,UnityAssertEqualIntArray
FNDA:0,UnityAssertEqualIntArray
FN:527,UnityAssertEqualFloatArray
FNDA:0,UnityAssertEqualFloatArray
FN:583,UnityAssertFloatsWithin
FNDA:0,UnityAssertFloatsWithin
FN:621,UnityAssertFloatSpecial
FNDA:0,UnityAssertFloatSpecial
FN:846,UnityAssertNumbersWithin
FNDA:0,UnityAssertNumbersWithin
FN:885,UnityAssertEqualString
FNDA:0,UnityAssertEqualString
FN:924,UnityAssertEqualStringArray
FNDA:0,UnityAssertEqualStringArray
FN:984,UnityAssertEqualMemory
FNDA:0,UnityAssertEqualMemory
FN:1045,UnityFail
FNDA:0,UnityFail
FN:1064,UnityIgnore
FNDA:0,UnityIgnore
FN:1081,setUp
FNDA:14,setUp
FN:1082,tearDown
FNDA:14,tearDown
FN:1088,UnityDefaultTestRun
FNDA:14,UnityDefaultTestRun
FN:1106,UnityBegin
FNDA:1,UnityBegin
FN:1119,UnityEnd
FNDA:1,UnityEnd
DA:71,47
DA:73,47
DA:75,47
DA:77,842
DA:80,795
DA:82,795
DA:85,0
DA:87,0
DA:88,0
DA:91,0
DA:93,0
DA:94,0
DA:99,0
DA:100,0
DA:102,795
DA:105,47
DA:108,0
DA:110,0
DA:112,0
DA:114,0
DA:116,0
DA:120,0
DA:122,0
DA:126,17
DA:128,17
DA:130,17
DA:132,17
DA:134,0
DA:135,0
DA:139,37
DA:141,20
DA:142,20
DA:143,20
DA:145,0
DA:151,37
DA:152,37
DA:154,37
DA:155,17
DA:159,0
DA:161,0
DA:165,0
DA:167,0
DA:168,0
DA:169,0
DA:171,0
DA:177,0
DA:178,0
DA:180,0
DA:181,0
DA:184,0
DA:187,0
DA:188,0
DA:189,0
DA:191,0
DA:193,0
DA:194,0
DA:196,0
DA:200,0
DA:203,0
DA:206,0
DA:208,0
DA:211,0
DA:213,0
DA:215,0
DA:217,0
DA:221,0
DA:226,0
DA:228,0
DA:230,0
DA:244,0
DA:246,0
DA:247,0
DA:249,1
DA:251,1
DA:252,1
DA:255,14
DA:257,14
DA:258,14
DA:259,14
DA:260,14
DA:261,14
DA:262,14
DA:263,14
DA:264,14
DA:267,0
DA:269,0
DA:270,0
DA:271,0
DA:274,14
DA:276,14
DA:278,0
DA:280,14
DA:282,14
DA:283,14
DA:287,0
DA:290,14
DA:291,14
DA:292,14
DA:295,0
DA:297,0
DA:299,0
DA:300,0
DA:302,0
DA:305,0
DA:307,0
DA:308,0
DA:310,0
DA:311,0
DA:312,0
DA:316,0
DA:318,0
DA:319,0
DA:321,0
DA:322,0
DA:323,0
DA:327,0
DA:329,0
DA:335,0
DA:338,0
DA:339,0
DA:342,0
DA:344,0
DA:345,0
DA:346,0
DA:347,0
DA:351,0
DA:353,0
DA:354,0
DA:355,0
DA:356,0
DA:360,0
DA:367,0
DA:373,0
DA:375,0
DA:377,0
DA:378,0
DA:379,0
DA:380,0
DA:381,0
DA:382,0
DA:383,0
DA:388,70
DA:394,70
DA:396,70
DA:398,0
DA:399,0
DA:400,0
DA:401,0
DA:402,0
DA:403,0
DA:404,0
DA:409,0
DA:416,0
DA:417,0
DA:418,0
DA:420,0
DA:422,0
DA:424,0
DA:425,0
DA:426,0
DA:427,0
DA:430,0
DA:431,0
DA:436,0
DA:438,0
DA:441,0
DA:443,0
DA:445,0
DA:446,0
DA:447,0
DA:448,0
DA:449,0
DA:450,0
DA:451,0
DA:452,0
DA:453,0
DA:455,0
DA:456,0
DA:458,0
DA:459,0
DA:462,0
DA:464,0
DA:466,0
DA:467,0
DA:468,0
DA:469,0
DA:470,0
DA:471,0
DA:472,0
DA:473,0
DA:474,0
DA:476,0
DA:477,0
DA:479,0
DA:481,0
DA:484,0
DA:486,0
DA:488,0
DA:489,0
DA:490,0
DA:491,0
DA:492,0
DA:493,0
DA:494,0
DA:495,0
DA:496,0
DA:498,0
DA:499,0
DA:501,0
DA:503,0
DA:504,0
DA:506,0
DA:508,0
DA:509,0
DA:510,0
DA:511,0
DA:512,0
DA:513,0
DA:514,0
DA:515,0
DA:516,0
DA:518,0
DA:519,0
DA:521,0
DA:527,0
DA:533,0
DA:534,0
DA:535,0
DA:538,0
DA:540,0
DA:542,0
DA:543,0
DA:544,0
DA:545,0
DA:548,0
DA:549,0
DA:551,0
DA:553,0
DA:554,0
DA:555,0
DA:556,0
DA:557,0
DA:558,0
DA:561,0
DA:563,0
DA:564,0
DA:565,0
DA:572,0
DA:574,0
DA:575,0
DA:577,0
DA:578,0
DA:583,0
DA:589,0
DA:590,0
DA:592,0
DA:594,0
DA:596,0
DA:598,0
DA:600,0
DA:604,0
DA:606,0
DA:613,0
DA:615,0
DA:616,0
DA:621,0
DA:626,0
DA:628,0
DA:629,0
DA:630,0
DA:631,0
DA:633,0
DA:637,0
DA:639,0
DA:640,0
DA:641,0
DA:643,0
DA:644,0
DA:647,0
DA:649,0
DA:650,0
DA:653,0
DA:655,0
DA:656,0
DA:658,0
DA:659,0
DA:662,0
DA:664,0
DA:665,0
DA:666,0
DA:667,0
DA:668,0
DA:669,0
DA:673,0
DA:674,0
DA:675,0
DA:677,0
DA:678,0
DA:846,0
DA:853,0
DA:855,0
DA:857,0
DA:858,0
DA:860,0
DA:864,0
DA:865,0
DA:867,0
DA:870,0
DA:872,0
DA:873,0
DA:874,0
DA:875,0
DA:876,0
DA:877,0
DA:878,0
DA:879,0
DA:880,0
DA:885,0
DA:892,0
DA:895,0
DA:897,0
DA:899,0
DA:901,0
DA:902,0
DA:908,0
DA:910,0
DA:914,0
DA:916,0
DA:917,0
DA:918,0
DA:919,0
DA:924,0
DA:930,0
DA:932,0
DA:935,0
DA:937,0
DA:938,0
DA:939,0
DA:940,0
DA:943,0
DA:944,0
DA:949,0
DA:951,0
DA:953,0
DA:955,0
DA:956,0
DA:962,0
DA:964,0
DA:968,0
DA:970,0
DA:971,0
DA:973,0
DA:974,0
DA:976,0
DA:977,0
DA:978,0
DA:980,0
DA:984,0
DA:991,0
DA:992,0
DA:993,0
DA:996,0
DA:998,0
DA:1000,0
DA:1001,0
DA:1002,0
DA:1003,0
DA:1006,0
DA:1007,0
DA:1009,0
DA:1012,0
DA:1013,0
DA:1015,0
DA:1017,0
DA:1018,0
DA:1019,0
DA:1021,0
DA:1022,0
DA:1024,0
DA:1025,0
DA:1026,0
DA:1027,0
DA:1028,0
DA:1029,0
DA:1030,0
DA:1031,0
DA:1033,0
DA:1034,0
DA:1045,0
DA:1047,0
DA:1049,0
DA:1050,0
DA:1051,0
DA:1053,0
DA:1054,0
DA:1056,0
DA:1058,0
DA:1060,0
DA:1064,0
DA:1066,0
DA:1068,0
DA:1069,0
DA:1070,0
DA:1072,0
DA:1073,0
DA:1074,0
DA:1076,0
DA:1081,14
DA:1082,14
DA:1088,14
DA:1090,14
DA:1091,14
DA:1092,14
DA:1093,14
DA:1095,14
DA:1096,14
DA:1098,14
DA:1100,14
DA:1102,14
DA:1103,14
DA:1106,1
DA:1108,1
DA:1109,1
DA:1110,1
DA:1111,1
DA:1112,1
DA:1113,1
DA:1114,1
DA:1115,1
DA:1116,1
DA:1119,1
DA:1121,1
DA:1122,1
DA:1123,1
DA:1124,1
DA:1125,1
DA:1126,1
DA:1127,1
DA:1128,1
DA:1129,1
DA:1130,1
DA:1131,1
DA:1133,1
DA:1137,0
DA:1139,1
DA:1140,1
end_of_record
